<?xml version="1.0" encoding="UTF-8"?>
<!-- Generated by org.testng.reporters.JUnitReportReporter -->
<testsuite hostname="IBM-CHV7NM3" failures="0" tests="2" name="ecom.tests.ErrorValidation" time="22.239" errors="0" timestamp="2025-01-05T00:49:15 IST" skipped="0">
  <testcase classname="ecom.tests.ErrorValidation" name="ProductErrorValidation" time="16.117"/>
  <testcase classname="ecom.tests.ErrorValidation" name="LoginErrorValidation" time="6.122"/>
</testsuite> <!-- ecom.tests.ErrorValidation -->
