<?xml version="1.0" encoding="UTF-8"?>
<!-- Generated by org.testng.reporters.JUnitReportReporter -->
<testsuite hostname="IBM-CHV7NM3" failures="0" tests="3" name="ecom.tests.SubmitOrderTest" time="29.126" errors="0" timestamp="2025-01-05T00:49:15 IST" skipped="0">
  <testcase classname="ecom.tests.SubmitOrderTest" name="submitOrder" time="11.795"/>
  <testcase classname="ecom.tests.SubmitOrderTest" name="submitOrder" time="11.991"/>
  <testcase classname="ecom.tests.SubmitOrderTest" name="orderHistory" time="5.340"/>
</testsuite> <!-- ecom.tests.SubmitOrderTest -->
