<?xml version="1.0" encoding="UTF-8"?>
<!-- Generated by org.testng.reporters.JUnitReportReporter -->
<testsuite hostname="IBM-CHV7NM3" failures="0" tests="1" name="cucumber.TestNGTestRunner" time="20.473" errors="0" timestamp="2025-01-22T00:35:58 IST" skipped="0">
  <testcase classname="cucumber.TestNGTestRunner" name="runScenario" time="20.473"/>
</testsuite> <!-- cucumber.TestNGTestRunner -->
