<?xml version="1.0" encoding="UTF-8"?>
<!-- Generated by org.testng.reporters.JUnitReportReporter -->
<testsuite hostname="IBM-CHV7NM3" failures="0" tests="2" name="ecom.tests.ErrorValidation" time="28.395" errors="0" timestamp="2025-01-06T01:54:49 IST" skipped="1">
  <testcase classname="ecom.tests.ErrorValidation" name="LoginErrorValidation" time="13.293"/>
  <testcase classname="ecom.tests.ErrorValidation" name="LoginErrorValidation" time="15.102">
    <skipped/>
  </testcase> <!-- LoginErrorValidation -->
</testsuite> <!-- ecom.tests.ErrorValidation -->
