<?xml version="1.0" encoding="UTF-8"?>
<!-- Generated by org.testng.reporters.JUnitReportReporter -->
<testsuite hostname="IBM-CHV7NM3" failures="0" tests="3" name="ecom.tests.SubmitOrderTest" time="94.704" errors="0" timestamp="2025-01-06T01:52:19 IST" skipped="0">
  <testcase classname="ecom.tests.SubmitOrderTest" name="orderHistory" time="26.617"/>
  <testcase classname="ecom.tests.SubmitOrderTest" name="submitOrder" time="28.539"/>
  <testcase classname="ecom.tests.SubmitOrderTest" name="submitOrder" time="39.548"/>
</testsuite> <!-- ecom.tests.SubmitOrderTest -->
